<?xml version="1.0" encoding="UTF-8"?>
<coverage generated="1740119416">
  <project timestamp="1740119416">
    <file name="/var/www/html/src/Controller/AppController.php">
      <class name="SimpleTwoFactor\Controller\AppController" namespace="global">
        <metrics complexity="0" methods="0" coveredmethods="0" conditionals="0" coveredconditionals="0" statements="0" coveredstatements="0" elements="0" coveredelements="0"/>
      </class>
      <metrics loc="11" ncloc="11" classes="0" methods="0" coveredmethods="0" conditionals="0" coveredconditionals="0" statements="0" coveredstatements="0" elements="0" coveredelements="0"/>
    </file>
    <file name="/var/www/html/src/Controller/Component/SimpleTwoFactorComponent.php">
      <class name="SimpleTwoFactor\Controller\Component\SimpleTwoFactorComponent" namespace="global">
        <metrics complexity="7" methods="5" coveredmethods="5" conditionals="0" coveredconditionals="0" statements="19" coveredstatements="19" elements="24" coveredelements="24"/>
      </class>
      <line num="36" type="method" name="verifyCode" visibility="public" complexity="1" crap="1" count="1"/>
      <line num="37" type="stmt" count="1"/>
      <line num="48" type="method" name="createSecret" visibility="public" complexity="1" crap="1" count="1"/>
      <line num="49" type="stmt" count="1"/>
      <line num="61" type="method" name="getQRCodeImageAsDataUri" visibility="public" complexity="1" crap="1" count="1"/>
      <line num="62" type="stmt" count="1"/>
      <line num="71" type="method" name="getResult" visibility="public" complexity="2" crap="2" count="2"/>
      <line num="72" type="stmt" count="2"/>
      <line num="73" type="stmt" count="2"/>
      <line num="74" type="stmt" count="2"/>
      <line num="75" type="stmt" count="1"/>
      <line num="76" type="stmt" count="1"/>
      <line num="77" type="stmt" count="1"/>
      <line num="78" type="stmt" count="1"/>
      <line num="80" type="stmt" count="1"/>
      <line num="89" type="method" name="getTfa" visibility="public" complexity="2" crap="2" count="5"/>
      <line num="90" type="stmt" count="5"/>
      <line num="91" type="stmt" count="5"/>
      <line num="92" type="stmt" count="5"/>
      <line num="93" type="stmt" count="1"/>
      <line num="94" type="stmt" count="1"/>
      <line num="95" type="stmt" count="1"/>
      <line num="96" type="stmt" count="1"/>
      <line num="99" type="stmt" count="4"/>
      <metrics loc="102" ncloc="49" classes="1" methods="5" coveredmethods="5" conditionals="0" coveredconditionals="0" statements="19" coveredstatements="19" elements="24" coveredelements="24"/>
    </file>
    <file name="/var/www/html/src/Middleware/TwoFactorMiddleware.php">
      <class name="SimpleTwoFactor\Middleware\TwoFactorMiddleware" namespace="global">
        <metrics complexity="28" methods="9" coveredmethods="6" conditionals="0" coveredconditionals="0" statements="82" coveredstatements="63" elements="91" coveredelements="69"/>
      </class>
      <line num="80" type="method" name="__construct" visibility="public" complexity="1" crap="1" count="5"/>
      <line num="81" type="stmt" count="5"/>
      <line num="91" type="method" name="process" visibility="public" complexity="9" crap="9" count="5"/>
      <line num="94" type="stmt" count="5"/>
      <line num="95" type="stmt" count="5"/>
      <line num="98" type="stmt" count="5"/>
      <line num="99" type="stmt" count="5"/>
      <line num="100" type="stmt" count="5"/>
      <line num="101" type="stmt" count="5"/>
      <line num="102" type="stmt" count="1"/>
      <line num="106" type="stmt" count="4"/>
      <line num="109" type="stmt" count="4"/>
      <line num="112" type="stmt" count="4"/>
      <line num="113" type="stmt" count="4"/>
      <line num="114" type="stmt" count="4"/>
      <line num="115" type="stmt" count="4"/>
      <line num="116" type="stmt" count="4"/>
      <line num="119" type="stmt" count="4"/>
      <line num="122" type="stmt" count="4"/>
      <line num="124" type="stmt" count="2"/>
      <line num="127" type="stmt" count="2"/>
      <line num="128" type="stmt" count="1"/>
      <line num="129" type="stmt" count="1"/>
      <line num="130" type="stmt" count="1"/>
      <line num="131" type="stmt" count="1"/>
      <line num="133" type="stmt" count="1"/>
      <line num="134" type="stmt" count="1"/>
      <line num="136" type="stmt" count="2"/>
      <line num="139" type="stmt" count="2"/>
      <line num="140" type="stmt" count="1"/>
      <line num="141" type="stmt" count="1"/>
      <line num="145" type="stmt" count="2"/>
      <line num="146" type="stmt" count="1"/>
      <line num="147" type="stmt" count="1"/>
      <line num="148" type="stmt" count="1"/>
      <line num="151" type="stmt" count="1"/>
      <line num="152" type="stmt" count="1"/>
      <line num="161" type="method" name="_getUserSecretField" visibility="protected" complexity="1" crap="1" count="4"/>
      <line num="162" type="stmt" count="4"/>
      <line num="171" type="method" name="_getUserTwoFaEnabledStatus" visibility="protected" complexity="1" crap="2" count="0"/>
      <line num="172" type="stmt" count="0"/>
      <line num="181" type="method" name="_getUserTwoFaEnabledStatusFromSession" visibility="protected" complexity="2" crap="2" count="4"/>
      <line num="182" type="stmt" count="4"/>
      <line num="183" type="stmt" count="2"/>
      <line num="185" type="stmt" count="2"/>
      <line num="194" type="method" name="_getUserSession" visibility="protected" complexity="1" crap="1" count="5"/>
      <line num="195" type="stmt" count="5"/>
      <line num="196" type="stmt" count="5"/>
      <line num="205" type="method" name="_writeUserSession" visibility="protected" complexity="1" crap="1" count="1"/>
      <line num="206" type="stmt" count="1"/>
      <line num="207" type="stmt" count="1"/>
      <line num="217" type="method" name="_verifyCode" visibility="protected" complexity="2" crap="6" count="0"/>
      <line num="219" type="stmt" count="0"/>
      <line num="220" type="stmt" count="0"/>
      <line num="221" type="stmt" count="0"/>
      <line num="231" type="method" name="getTfa" visibility="public" complexity="10" crap="17.87" count="5"/>
      <line num="232" type="stmt" count="5"/>
      <line num="235" type="stmt" count="5"/>
      <line num="236" type="stmt" count="5"/>
      <line num="237" type="stmt" count="5"/>
      <line num="238" type="stmt" count="5"/>
      <line num="239" type="stmt" count="0"/>
      <line num="240" type="stmt" count="0"/>
      <line num="241" type="stmt" count="0"/>
      <line num="243" type="stmt" count="0"/>
      <line num="244" type="stmt" count="0"/>
      <line num="248" type="stmt" count="5"/>
      <line num="249" type="stmt" count="5"/>
      <line num="250" type="stmt" count="0"/>
      <line num="251" type="stmt" count="0"/>
      <line num="252" type="stmt" count="5"/>
      <line num="253" type="stmt" count="5"/>
      <line num="254" type="stmt" count="5"/>
      <line num="255" type="stmt" count="0"/>
      <line num="256" type="stmt" count="0"/>
      <line num="257" type="stmt" count="0"/>
      <line num="258" type="stmt" count="0"/>
      <line num="259" type="stmt" count="0"/>
      <line num="260" type="stmt" count="0"/>
      <line num="262" type="stmt" count="0"/>
      <line num="263" type="stmt" count="0"/>
      <line num="266" type="stmt" count="5"/>
      <line num="267" type="stmt" count="5"/>
      <line num="268" type="stmt" count="5"/>
      <line num="269" type="stmt" count="5"/>
      <line num="270" type="stmt" count="5"/>
      <line num="271" type="stmt" count="5"/>
      <line num="272" type="stmt" count="5"/>
      <line num="273" type="stmt" count="5"/>
      <line num="274" type="stmt" count="5"/>
      <line num="277" type="stmt" count="5"/>
      <metrics loc="280" ncloc="179" classes="1" methods="9" coveredmethods="6" conditionals="0" coveredconditionals="0" statements="82" coveredstatements="63" elements="91" coveredelements="69"/>
    </file>
    <file name="/var/www/html/src/Result/Result.php">
      <class name="SimpleTwoFactor\Result\Result" namespace="global">
        <metrics complexity="5" methods="5" coveredmethods="2" conditionals="0" coveredconditionals="0" statements="5" coveredstatements="2" elements="10" coveredelements="4"/>
      </class>
      <line num="55" type="method" name="__construct" visibility="public" complexity="1" crap="1" count="6"/>
      <line num="56" type="stmt" count="6"/>
      <line num="64" type="method" name="isValid" visibility="public" complexity="1" crap="2" count="0"/>
      <line num="65" type="stmt" count="0"/>
      <line num="73" type="method" name="getStatus" visibility="public" complexity="1" crap="1" count="5"/>
      <line num="74" type="stmt" count="5"/>
      <line num="82" type="method" name="getData" visibility="public" complexity="1" crap="2" count="0"/>
      <line num="83" type="stmt" count="0"/>
      <line num="91" type="method" name="getErrors" visibility="public" complexity="1" crap="2" count="0"/>
      <line num="92" type="stmt" count="0"/>
      <metrics loc="97" ncloc="43" classes="1" methods="5" coveredmethods="2" conditionals="0" coveredconditionals="0" statements="5" coveredstatements="2" elements="10" coveredelements="4"/>
    </file>
    <file name="/var/www/html/src/SimpleTwoFactorPlugin.php">
      <class name="SimpleTwoFactor\SimpleTwoFactorPlugin" namespace="global">
        <metrics complexity="5" methods="5" coveredmethods="0" conditionals="0" coveredconditionals="0" statements="13" coveredstatements="0" elements="18" coveredelements="0"/>
      </class>
      <line num="27" type="method" name="bootstrap" visibility="public" complexity="1" crap="2" count="0"/>
      <line num="29" type="stmt" count="0"/>
      <line num="40" type="method" name="routes" visibility="public" complexity="1" crap="2" count="0"/>
      <line num="42" type="stmt" count="0"/>
      <line num="43" type="stmt" count="0"/>
      <line num="44" type="stmt" count="0"/>
      <line num="45" type="stmt" count="0"/>
      <line num="48" type="stmt" count="0"/>
      <line num="49" type="stmt" count="0"/>
      <line num="50" type="stmt" count="0"/>
      <line num="51" type="stmt" count="0"/>
      <line num="60" type="method" name="middleware" visibility="public" complexity="1" crap="2" count="0"/>
      <line num="64" type="stmt" count="0"/>
      <line num="73" type="method" name="console" visibility="public" complexity="1" crap="2" count="0"/>
      <line num="77" type="stmt" count="0"/>
      <line num="79" type="stmt" count="0"/>
      <line num="89" type="method" name="services" visibility="public" complexity="1" crap="2" count="0"/>
      <line num="92" type="stmt" count="0"/>
      <metrics loc="94" ncloc="50" classes="1" methods="5" coveredmethods="0" conditionals="0" coveredconditionals="0" statements="13" coveredstatements="0" elements="18" coveredelements="0"/>
    </file>
    <metrics files="5" loc="584" ncloc="332" classes="4" methods="24" coveredmethods="13" conditionals="0" coveredconditionals="0" statements="119" coveredstatements="84" elements="143" coveredelements="97"/>
  </project>
</coverage>
